<?xml version="1.0" encoding="UTF-8"?>
<testsuite xmlns:xsi="http://www.w3.org/2001/XMLSchema-instance" xsi:noNamespaceSchemaLocation="https://maven.apache.org/surefire/maven-surefire-plugin/xsd/surefire-test-report-3.0.xsd" version="3.0" name="com.example.boot.Boot302DemoApplicationTests" time="4.49" tests="1" errors="0" skipped="0" failures="0">
  <properties>
    <property name="java.specification.version" value="17"/>
    <property name="sun.cpu.isalist" value="amd64"/>
    <property name="sun.jnu.encoding" value="GBK"/>
    <property name="java.class.path" value="D:\Code\JavaCode\spring-boot-3\boot3-02-demo\target\test-classes;D:\Code\JavaCode\spring-boot-3\boot3-02-demo\target\classes;D:\software\apache-maven-3.8.6\mvn_resp\org\springframework\boot\spring-boot-starter-thymeleaf\3.1.0\spring-boot-starter-thymeleaf-3.1.0.jar;D:\software\apache-maven-3.8.6\mvn_resp\org\springframework\boot\spring-boot-starter\3.1.0\spring-boot-starter-3.1.0.jar;D:\software\apache-maven-3.8.6\mvn_resp\org\springframework\boot\spring-boot\3.1.0\spring-boot-3.1.0.jar;D:\software\apache-maven-3.8.6\mvn_resp\org\springframework\boot\spring-boot-autoconfigure\3.1.0\spring-boot-autoconfigure-3.1.0.jar;D:\software\apache-maven-3.8.6\mvn_resp\org\springframework\boot\spring-boot-starter-logging\3.1.0\spring-boot-starter-logging-3.1.0.jar;D:\software\apache-maven-3.8.6\mvn_resp\ch\qos\logback\logback-classic\1.4.7\logback-classic-1.4.7.jar;D:\software\apache-maven-3.8.6\mvn_resp\ch\qos\logback\logback-core\1.4.7\logback-core-1.4.7.jar;D:\software\apache-maven-3.8.6\mvn_resp\org\apache\logging\log4j\log4j-to-slf4j\2.20.0\log4j-to-slf4j-2.20.0.jar;D:\software\apache-maven-3.8.6\mvn_resp\org\apache\logging\log4j\log4j-api\2.20.0\log4j-api-2.20.0.jar;D:\software\apache-maven-3.8.6\mvn_resp\org\slf4j\jul-to-slf4j\2.0.7\jul-to-slf4j-2.0.7.jar;D:\software\apache-maven-3.8.6\mvn_resp\jakarta\annotation\jakarta.annotation-api\2.1.1\jakarta.annotation-api-2.1.1.jar;D:\software\apache-maven-3.8.6\mvn_resp\org\yaml\snakeyaml\1.33\snakeyaml-1.33.jar;D:\software\apache-maven-3.8.6\mvn_resp\org\thymeleaf\thymeleaf-spring6\3.1.1.RELEASE\thymeleaf-spring6-3.1.1.RELEASE.jar;D:\software\apache-maven-3.8.6\mvn_resp\org\thymeleaf\thymeleaf\3.1.1.RELEASE\thymeleaf-3.1.1.RELEASE.jar;D:\software\apache-maven-3.8.6\mvn_resp\org\attoparser\attoparser\2.0.6.RELEASE\attoparser-2.0.6.RELEASE.jar;D:\software\apache-maven-3.8.6\mvn_resp\org\unbescape\unbescape\1.1.6.RELEASE\unbescape-1.1.6.RELEASE.jar;D:\software\apache-maven-3.8.6\mvn_resp\org\slf4j\slf4j-api\2.0.7\slf4j-api-2.0.7.jar;D:\software\apache-maven-3.8.6\mvn_resp\org\springframework\boot\spring-boot-starter-web\3.1.0\spring-boot-starter-web-3.1.0.jar;D:\software\apache-maven-3.8.6\mvn_resp\org\springframework\boot\spring-boot-starter-json\3.1.0\spring-boot-starter-json-3.1.0.jar;D:\software\apache-maven-3.8.6\mvn_resp\com\fasterxml\jackson\core\jackson-databind\2.15.0\jackson-databind-2.15.0.jar;D:\software\apache-maven-3.8.6\mvn_resp\com\fasterxml\jackson\core\jackson-annotations\2.15.0\jackson-annotations-2.15.0.jar;D:\software\apache-maven-3.8.6\mvn_resp\com\fasterxml\jackson\core\jackson-core\2.15.0\jackson-core-2.15.0.jar;D:\software\apache-maven-3.8.6\mvn_resp\com\fasterxml\jackson\datatype\jackson-datatype-jdk8\2.15.0\jackson-datatype-jdk8-2.15.0.jar;D:\software\apache-maven-3.8.6\mvn_resp\com\fasterxml\jackson\datatype\jackson-datatype-jsr310\2.15.0\jackson-datatype-jsr310-2.15.0.jar;D:\software\apache-maven-3.8.6\mvn_resp\com\fasterxml\jackson\module\jackson-module-parameter-names\2.15.0\jackson-module-parameter-names-2.15.0.jar;D:\software\apache-maven-3.8.6\mvn_resp\org\springframework\boot\spring-boot-starter-tomcat\3.1.0\spring-boot-starter-tomcat-3.1.0.jar;D:\software\apache-maven-3.8.6\mvn_resp\org\apache\tomcat\embed\tomcat-embed-core\10.1.8\tomcat-embed-core-10.1.8.jar;D:\software\apache-maven-3.8.6\mvn_resp\org\apache\tomcat\embed\tomcat-embed-el\10.1.8\tomcat-embed-el-10.1.8.jar;D:\software\apache-maven-3.8.6\mvn_resp\org\apache\tomcat\embed\tomcat-embed-websocket\10.1.8\tomcat-embed-websocket-10.1.8.jar;D:\software\apache-maven-3.8.6\mvn_resp\org\springframework\spring-web\6.0.9\spring-web-6.0.9.jar;D:\software\apache-maven-3.8.6\mvn_resp\org\springframework\spring-beans\6.0.9\spring-beans-6.0.9.jar;D:\software\apache-maven-3.8.6\mvn_resp\io\micrometer\micrometer-observation\1.11.0\micrometer-observation-1.11.0.jar;D:\software\apache-maven-3.8.6\mvn_resp\io\micrometer\micrometer-commons\1.11.0\micrometer-commons-1.11.0.jar;D:\software\apache-maven-3.8.6\mvn_resp\org\springframework\spring-webmvc\6.0.9\spring-webmvc-6.0.9.jar;D:\software\apache-maven-3.8.6\mvn_resp\org\springframework\spring-aop\6.0.9\spring-aop-6.0.9.jar;D:\software\apache-maven-3.8.6\mvn_resp\org\springframework\spring-context\6.0.9\spring-context-6.0.9.jar;D:\software\apache-maven-3.8.6\mvn_resp\org\springframework\spring-expression\6.0.9\spring-expression-6.0.9.jar;D:\software\apache-maven-3.8.6\mvn_resp\org\springframework\boot\spring-boot-starter-test\3.1.0\spring-boot-starter-test-3.1.0.jar;D:\software\apache-maven-3.8.6\mvn_resp\org\springframework\boot\spring-boot-test\3.1.0\spring-boot-test-3.1.0.jar;D:\software\apache-maven-3.8.6\mvn_resp\org\springframework\boot\spring-boot-test-autoconfigure\3.1.0\spring-boot-test-autoconfigure-3.1.0.jar;D:\software\apache-maven-3.8.6\mvn_resp\com\jayway\jsonpath\json-path\2.8.0\json-path-2.8.0.jar;D:\software\apache-maven-3.8.6\mvn_resp\jakarta\xml\bind\jakarta.xml.bind-api\4.0.0\jakarta.xml.bind-api-4.0.0.jar;D:\software\apache-maven-3.8.6\mvn_resp\jakarta\activation\jakarta.activation-api\2.1.2\jakarta.activation-api-2.1.2.jar;D:\software\apache-maven-3.8.6\mvn_resp\net\minidev\json-smart\2.4.10\json-smart-2.4.10.jar;D:\software\apache-maven-3.8.6\mvn_resp\net\minidev\accessors-smart\2.4.9\accessors-smart-2.4.9.jar;D:\software\apache-maven-3.8.6\mvn_resp\org\ow2\asm\asm\9.3\asm-9.3.jar;D:\software\apache-maven-3.8.6\mvn_resp\org\assertj\assertj-core\3.24.2\assertj-core-3.24.2.jar;D:\software\apache-maven-3.8.6\mvn_resp\net\bytebuddy\byte-buddy\1.14.4\byte-buddy-1.14.4.jar;D:\software\apache-maven-3.8.6\mvn_resp\org\hamcrest\hamcrest\2.2\hamcrest-2.2.jar;D:\software\apache-maven-3.8.6\mvn_resp\org\junit\jupiter\junit-jupiter\5.9.3\junit-jupiter-5.9.3.jar;D:\software\apache-maven-3.8.6\mvn_resp\org\junit\jupiter\junit-jupiter-api\5.9.3\junit-jupiter-api-5.9.3.jar;D:\software\apache-maven-3.8.6\mvn_resp\org\opentest4j\opentest4j\1.2.0\opentest4j-1.2.0.jar;D:\software\apache-maven-3.8.6\mvn_resp\org\junit\platform\junit-platform-commons\1.9.3\junit-platform-commons-1.9.3.jar;D:\software\apache-maven-3.8.6\mvn_resp\org\apiguardian\apiguardian-api\1.1.2\apiguardian-api-1.1.2.jar;D:\software\apache-maven-3.8.6\mvn_resp\org\junit\jupiter\junit-jupiter-params\5.9.3\junit-jupiter-params-5.9.3.jar;D:\software\apache-maven-3.8.6\mvn_resp\org\junit\jupiter\junit-jupiter-engine\5.9.3\junit-jupiter-engine-5.9.3.jar;D:\software\apache-maven-3.8.6\mvn_resp\org\junit\platform\junit-platform-engine\1.9.3\junit-platform-engine-1.9.3.jar;D:\software\apache-maven-3.8.6\mvn_resp\org\mockito\mockito-core\5.3.1\mockito-core-5.3.1.jar;D:\software\apache-maven-3.8.6\mvn_resp\net\bytebuddy\byte-buddy-agent\1.14.4\byte-buddy-agent-1.14.4.jar;D:\software\apache-maven-3.8.6\mvn_resp\org\objenesis\objenesis\3.3\objenesis-3.3.jar;D:\software\apache-maven-3.8.6\mvn_resp\org\mockito\mockito-junit-jupiter\5.3.1\mockito-junit-jupiter-5.3.1.jar;D:\software\apache-maven-3.8.6\mvn_resp\org\skyscreamer\jsonassert\1.5.1\jsonassert-1.5.1.jar;D:\software\apache-maven-3.8.6\mvn_resp\com\vaadin\external\google\android-json\0.0.20131108.vaadin1\android-json-0.0.20131108.vaadin1.jar;D:\software\apache-maven-3.8.6\mvn_resp\org\springframework\spring-core\6.0.9\spring-core-6.0.9.jar;D:\software\apache-maven-3.8.6\mvn_resp\org\springframework\spring-jcl\6.0.9\spring-jcl-6.0.9.jar;D:\software\apache-maven-3.8.6\mvn_resp\org\springframework\spring-test\6.0.9\spring-test-6.0.9.jar;D:\software\apache-maven-3.8.6\mvn_resp\org\xmlunit\xmlunit-core\2.9.1\xmlunit-core-2.9.1.jar;D:\software\apache-maven-3.8.6\mvn_resp\com\alibaba\druid\1.2.16\druid-1.2.16.jar;"/>
    <property name="java.vm.vendor" value="Oracle Corporation"/>
    <property name="sun.arch.data.model" value="64"/>
    <property name="user.variant" value=""/>
    <property name="java.vendor.url" value="https://java.oracle.com/"/>
    <property name="user.timezone" value="Asia/Shanghai"/>
    <property name="os.name" value="Windows 11"/>
    <property name="java.vm.specification.version" value="17"/>
    <property name="sun.java.launcher" value="SUN_STANDARD"/>
    <property name="user.country" value="CN"/>
    <property name="sun.boot.library.path" value="D:\Java\jdk-17.0.6\bin"/>
    <property name="sun.java.command" value="C:\Users\User\AppData\Local\Temp\surefire12597242196840218108\surefirebooter-20230621223409588_3.jar C:\Users\User\AppData\Local\Temp\surefire12597242196840218108 2023-06-21T22-34-09_429-jvmRun1 surefire-20230621223409588_1tmp surefire_0-20230621223409588_2tmp"/>
    <property name="jdk.debug" value="release"/>
    <property name="surefire.test.class.path" value="D:\Code\JavaCode\spring-boot-3\boot3-02-demo\target\test-classes;D:\Code\JavaCode\spring-boot-3\boot3-02-demo\target\classes;D:\software\apache-maven-3.8.6\mvn_resp\org\springframework\boot\spring-boot-starter-thymeleaf\3.1.0\spring-boot-starter-thymeleaf-3.1.0.jar;D:\software\apache-maven-3.8.6\mvn_resp\org\springframework\boot\spring-boot-starter\3.1.0\spring-boot-starter-3.1.0.jar;D:\software\apache-maven-3.8.6\mvn_resp\org\springframework\boot\spring-boot\3.1.0\spring-boot-3.1.0.jar;D:\software\apache-maven-3.8.6\mvn_resp\org\springframework\boot\spring-boot-autoconfigure\3.1.0\spring-boot-autoconfigure-3.1.0.jar;D:\software\apache-maven-3.8.6\mvn_resp\org\springframework\boot\spring-boot-starter-logging\3.1.0\spring-boot-starter-logging-3.1.0.jar;D:\software\apache-maven-3.8.6\mvn_resp\ch\qos\logback\logback-classic\1.4.7\logback-classic-1.4.7.jar;D:\software\apache-maven-3.8.6\mvn_resp\ch\qos\logback\logback-core\1.4.7\logback-core-1.4.7.jar;D:\software\apache-maven-3.8.6\mvn_resp\org\apache\logging\log4j\log4j-to-slf4j\2.20.0\log4j-to-slf4j-2.20.0.jar;D:\software\apache-maven-3.8.6\mvn_resp\org\apache\logging\log4j\log4j-api\2.20.0\log4j-api-2.20.0.jar;D:\software\apache-maven-3.8.6\mvn_resp\org\slf4j\jul-to-slf4j\2.0.7\jul-to-slf4j-2.0.7.jar;D:\software\apache-maven-3.8.6\mvn_resp\jakarta\annotation\jakarta.annotation-api\2.1.1\jakarta.annotation-api-2.1.1.jar;D:\software\apache-maven-3.8.6\mvn_resp\org\yaml\snakeyaml\1.33\snakeyaml-1.33.jar;D:\software\apache-maven-3.8.6\mvn_resp\org\thymeleaf\thymeleaf-spring6\3.1.1.RELEASE\thymeleaf-spring6-3.1.1.RELEASE.jar;D:\software\apache-maven-3.8.6\mvn_resp\org\thymeleaf\thymeleaf\3.1.1.RELEASE\thymeleaf-3.1.1.RELEASE.jar;D:\software\apache-maven-3.8.6\mvn_resp\org\attoparser\attoparser\2.0.6.RELEASE\attoparser-2.0.6.RELEASE.jar;D:\software\apache-maven-3.8.6\mvn_resp\org\unbescape\unbescape\1.1.6.RELEASE\unbescape-1.1.6.RELEASE.jar;D:\software\apache-maven-3.8.6\mvn_resp\org\slf4j\slf4j-api\2.0.7\slf4j-api-2.0.7.jar;D:\software\apache-maven-3.8.6\mvn_resp\org\springframework\boot\spring-boot-starter-web\3.1.0\spring-boot-starter-web-3.1.0.jar;D:\software\apache-maven-3.8.6\mvn_resp\org\springframework\boot\spring-boot-starter-json\3.1.0\spring-boot-starter-json-3.1.0.jar;D:\software\apache-maven-3.8.6\mvn_resp\com\fasterxml\jackson\core\jackson-databind\2.15.0\jackson-databind-2.15.0.jar;D:\software\apache-maven-3.8.6\mvn_resp\com\fasterxml\jackson\core\jackson-annotations\2.15.0\jackson-annotations-2.15.0.jar;D:\software\apache-maven-3.8.6\mvn_resp\com\fasterxml\jackson\core\jackson-core\2.15.0\jackson-core-2.15.0.jar;D:\software\apache-maven-3.8.6\mvn_resp\com\fasterxml\jackson\datatype\jackson-datatype-jdk8\2.15.0\jackson-datatype-jdk8-2.15.0.jar;D:\software\apache-maven-3.8.6\mvn_resp\com\fasterxml\jackson\datatype\jackson-datatype-jsr310\2.15.0\jackson-datatype-jsr310-2.15.0.jar;D:\software\apache-maven-3.8.6\mvn_resp\com\fasterxml\jackson\module\jackson-module-parameter-names\2.15.0\jackson-module-parameter-names-2.15.0.jar;D:\software\apache-maven-3.8.6\mvn_resp\org\springframework\boot\spring-boot-starter-tomcat\3.1.0\spring-boot-starter-tomcat-3.1.0.jar;D:\software\apache-maven-3.8.6\mvn_resp\org\apache\tomcat\embed\tomcat-embed-core\10.1.8\tomcat-embed-core-10.1.8.jar;D:\software\apache-maven-3.8.6\mvn_resp\org\apache\tomcat\embed\tomcat-embed-el\10.1.8\tomcat-embed-el-10.1.8.jar;D:\software\apache-maven-3.8.6\mvn_resp\org\apache\tomcat\embed\tomcat-embed-websocket\10.1.8\tomcat-embed-websocket-10.1.8.jar;D:\software\apache-maven-3.8.6\mvn_resp\org\springframework\spring-web\6.0.9\spring-web-6.0.9.jar;D:\software\apache-maven-3.8.6\mvn_resp\org\springframework\spring-beans\6.0.9\spring-beans-6.0.9.jar;D:\software\apache-maven-3.8.6\mvn_resp\io\micrometer\micrometer-observation\1.11.0\micrometer-observation-1.11.0.jar;D:\software\apache-maven-3.8.6\mvn_resp\io\micrometer\micrometer-commons\1.11.0\micrometer-commons-1.11.0.jar;D:\software\apache-maven-3.8.6\mvn_resp\org\springframework\spring-webmvc\6.0.9\spring-webmvc-6.0.9.jar;D:\software\apache-maven-3.8.6\mvn_resp\org\springframework\spring-aop\6.0.9\spring-aop-6.0.9.jar;D:\software\apache-maven-3.8.6\mvn_resp\org\springframework\spring-context\6.0.9\spring-context-6.0.9.jar;D:\software\apache-maven-3.8.6\mvn_resp\org\springframework\spring-expression\6.0.9\spring-expression-6.0.9.jar;D:\software\apache-maven-3.8.6\mvn_resp\org\springframework\boot\spring-boot-starter-test\3.1.0\spring-boot-starter-test-3.1.0.jar;D:\software\apache-maven-3.8.6\mvn_resp\org\springframework\boot\spring-boot-test\3.1.0\spring-boot-test-3.1.0.jar;D:\software\apache-maven-3.8.6\mvn_resp\org\springframework\boot\spring-boot-test-autoconfigure\3.1.0\spring-boot-test-autoconfigure-3.1.0.jar;D:\software\apache-maven-3.8.6\mvn_resp\com\jayway\jsonpath\json-path\2.8.0\json-path-2.8.0.jar;D:\software\apache-maven-3.8.6\mvn_resp\jakarta\xml\bind\jakarta.xml.bind-api\4.0.0\jakarta.xml.bind-api-4.0.0.jar;D:\software\apache-maven-3.8.6\mvn_resp\jakarta\activation\jakarta.activation-api\2.1.2\jakarta.activation-api-2.1.2.jar;D:\software\apache-maven-3.8.6\mvn_resp\net\minidev\json-smart\2.4.10\json-smart-2.4.10.jar;D:\software\apache-maven-3.8.6\mvn_resp\net\minidev\accessors-smart\2.4.9\accessors-smart-2.4.9.jar;D:\software\apache-maven-3.8.6\mvn_resp\org\ow2\asm\asm\9.3\asm-9.3.jar;D:\software\apache-maven-3.8.6\mvn_resp\org\assertj\assertj-core\3.24.2\assertj-core-3.24.2.jar;D:\software\apache-maven-3.8.6\mvn_resp\net\bytebuddy\byte-buddy\1.14.4\byte-buddy-1.14.4.jar;D:\software\apache-maven-3.8.6\mvn_resp\org\hamcrest\hamcrest\2.2\hamcrest-2.2.jar;D:\software\apache-maven-3.8.6\mvn_resp\org\junit\jupiter\junit-jupiter\5.9.3\junit-jupiter-5.9.3.jar;D:\software\apache-maven-3.8.6\mvn_resp\org\junit\jupiter\junit-jupiter-api\5.9.3\junit-jupiter-api-5.9.3.jar;D:\software\apache-maven-3.8.6\mvn_resp\org\opentest4j\opentest4j\1.2.0\opentest4j-1.2.0.jar;D:\software\apache-maven-3.8.6\mvn_resp\org\junit\platform\junit-platform-commons\1.9.3\junit-platform-commons-1.9.3.jar;D:\software\apache-maven-3.8.6\mvn_resp\org\apiguardian\apiguardian-api\1.1.2\apiguardian-api-1.1.2.jar;D:\software\apache-maven-3.8.6\mvn_resp\org\junit\jupiter\junit-jupiter-params\5.9.3\junit-jupiter-params-5.9.3.jar;D:\software\apache-maven-3.8.6\mvn_resp\org\junit\jupiter\junit-jupiter-engine\5.9.3\junit-jupiter-engine-5.9.3.jar;D:\software\apache-maven-3.8.6\mvn_resp\org\junit\platform\junit-platform-engine\1.9.3\junit-platform-engine-1.9.3.jar;D:\software\apache-maven-3.8.6\mvn_resp\org\mockito\mockito-core\5.3.1\mockito-core-5.3.1.jar;D:\software\apache-maven-3.8.6\mvn_resp\net\bytebuddy\byte-buddy-agent\1.14.4\byte-buddy-agent-1.14.4.jar;D:\software\apache-maven-3.8.6\mvn_resp\org\objenesis\objenesis\3.3\objenesis-3.3.jar;D:\software\apache-maven-3.8.6\mvn_resp\org\mockito\mockito-junit-jupiter\5.3.1\mockito-junit-jupiter-5.3.1.jar;D:\software\apache-maven-3.8.6\mvn_resp\org\skyscreamer\jsonassert\1.5.1\jsonassert-1.5.1.jar;D:\software\apache-maven-3.8.6\mvn_resp\com\vaadin\external\google\android-json\0.0.20131108.vaadin1\android-json-0.0.20131108.vaadin1.jar;D:\software\apache-maven-3.8.6\mvn_resp\org\springframework\spring-core\6.0.9\spring-core-6.0.9.jar;D:\software\apache-maven-3.8.6\mvn_resp\org\springframework\spring-jcl\6.0.9\spring-jcl-6.0.9.jar;D:\software\apache-maven-3.8.6\mvn_resp\org\springframework\spring-test\6.0.9\spring-test-6.0.9.jar;D:\software\apache-maven-3.8.6\mvn_resp\org\xmlunit\xmlunit-core\2.9.1\xmlunit-core-2.9.1.jar;D:\software\apache-maven-3.8.6\mvn_resp\com\alibaba\druid\1.2.16\druid-1.2.16.jar;"/>
    <property name="sun.cpu.endian" value="little"/>
    <property name="user.home" value="C:\Users\User"/>
    <property name="user.language" value="zh"/>
    <property name="java.specification.vendor" value="Oracle Corporation"/>
    <property name="java.version.date" value="2023-01-17"/>
    <property name="java.home" value="D:\Java\jdk-17.0.6"/>
    <property name="file.separator" value="\"/>
    <property name="basedir" value="D:\Code\JavaCode\spring-boot-3\boot3-02-demo"/>
    <property name="java.vm.compressedOopsMode" value="32-bit"/>
    <property name="line.separator" value="&#10;"/>
    <property name="java.vm.specification.vendor" value="Oracle Corporation"/>
    <property name="java.specification.name" value="Java Platform API Specification"/>
    <property name="FILE_LOG_CHARSET" value="GBK"/>
    <property name="java.awt.headless" value="true"/>
    <property name="surefire.real.class.path" value="C:\Users\User\AppData\Local\Temp\surefire12597242196840218108\surefirebooter-20230621223409588_3.jar"/>
    <property name="user.script" value=""/>
    <property name="sun.management.compiler" value="HotSpot 64-Bit Tiered Compilers"/>
    <property name="java.runtime.version" value="17.0.6+9-LTS-190"/>
    <property name="user.name" value="User"/>
    <property name="path.separator" value=";"/>
    <property name="os.version" value="10.0"/>
    <property name="java.runtime.name" value="Java(TM) SE Runtime Environment"/>
    <property name="file.encoding" value="GBK"/>
    <property name="java.vm.name" value="Java HotSpot(TM) 64-Bit Server VM"/>
    <property name="localRepository" value="D:\software\apache-maven-3.8.6\mvn_resp"/>
    <property name="java.vendor.url.bug" value="https://bugreport.java.com/bugreport/"/>
    <property name="java.io.tmpdir" value="C:\Users\User\AppData\Local\Temp\"/>
    <property name="idea.version" value="2023.1.3"/>
    <property name="java.version" value="17.0.6"/>
    <property name="user.dir" value="D:\Code\JavaCode\spring-boot-3\boot3-02-demo"/>
    <property name="os.arch" value="amd64"/>
    <property name="java.vm.specification.name" value="Java Virtual Machine Specification"/>
    <property name="PID" value="20684"/>
    <property name="sun.os.patch.level" value=""/>
    <property name="CONSOLE_LOG_CHARSET" value="GBK"/>
    <property name="native.encoding" value="GBK"/>
    <property name="java.library.path" value="D:\Java\jdk-17.0.6\bin;C:\WINDOWS\Sun\Java\bin;C:\WINDOWS\system32;C:\WINDOWS;D:\soft\VMware\VMware Workstation\bin\;C:\WINDOWS\system32;C:\WINDOWS;C:\WINDOWS\System32\Wbem;C:\WINDOWS\System32\WindowsPowerShell\v1.0\;C:\WINDOWS\System32\OpenSSH\;C:\Program Files\Google\Chrome\Application\;C:\Program Files\Microsoft SQL Server\Client SDK\ODBC\170\Tools\Binn\;C:\Program Files (x86)\Microsoft SQL Server\150\Tools\Binn\;C:\Program Files\Microsoft SQL Server\150\Tools\Binn\;C:\Program Files\Microsoft SQL Server\150\DTS\Binn\;C:\Program Files (x86)\Microsoft SQL Server\150\DTS\Binn\;C:\Program Files\Azure Data Studio\bin;D:\VScode\mingw64\bin;D:\software\python3_10;D:\Java\jdk-17.0.6\bin;D:\software\mysql-5.7.30-winx64\bin;D:\software\apache-maven-3.8.6\bin;C:\Program Files\Git\cmd;D:\soft\MATLAB\R2022b\bin;D:\soft\nodejs\;C:\Program Files\WireGuard\;C:\Users\User\AppData\Local\Microsoft\WindowsApps;C:\Users\User\AppData\Local\Programs\Microsoft VS Code\bin;D:\VScode\Microsoft VS Code\bin;C:\Users\User\AppData\Local\JetBrains\Toolbox\scripts;C:\Users\User\AppData\Roaming\npm;."/>
    <property name="java.vm.info" value="mixed mode, sharing"/>
    <property name="java.vendor" value="Oracle Corporation"/>
    <property name="java.vm.version" value="17.0.6+9-LTS-190"/>
    <property name="sun.io.unicode.encoding" value="UnicodeLittle"/>
    <property name="java.class.version" value="61.0"/>
  </properties>
  <testcase name="contextLoads" classname="com.example.boot.Boot302DemoApplicationTests" time="1.961">
    <system-out><![CDATA[22:34:12.040 [main] INFO org.springframework.test.context.support.AnnotationConfigContextLoaderUtils -- Could not detect default configuration classes for test class [com.example.boot.Boot302DemoApplicationTests]: Boot302DemoApplicationTests does not declare any static, non-private, non-final, nested classes annotated with @Configuration.
22:34:12.242 [main] INFO org.springframework.boot.test.context.SpringBootTestContextBootstrapper -- Found @SpringBootConfiguration com.example.boot.Boot302DemoApplication for test class com.example.boot.Boot302DemoApplicationTests

  .   ____          _            __ _ _
 /\\ / ___'_ __ _ _(_)_ __  __ _ \ \ \ \
( ( )\___ | '_ | '_| | '_ \/ _` | \ \ \ \
 \\/  ___)| |_)| | | | | || (_| |  ) ) ) )
  '  |____| .__|_| |_|_| |_\__, | / / / /
 =========|_|==============|___/=/_/_/_/
 :: Spring Boot ::                (v3.1.0)

2023-06-21T22:34:12.827+08:00  INFO 20684 --- [           main] c.e.boot.Boot302DemoApplicationTests     : Starting Boot302DemoApplicationTests using Java 17.0.6 with PID 20684 (started by User in D:\Code\JavaCode\spring-boot-3\boot3-02-demo)
2023-06-21T22:34:12.830+08:00  INFO 20684 --- [           main] c.e.boot.Boot302DemoApplicationTests     : No active profile set, falling back to 1 default profile: "default"
2023-06-21T22:34:14.132+08:00  WARN 20684 --- [           main] ion$DefaultTemplateResolverConfiguration : Cannot find template location: classpath:/templates/ (please add some templates, check your Thymeleaf configuration, or set spring.thymeleaf.check-template-location=false)
2023-06-21T22:34:14.173+08:00  INFO 20684 --- [           main] c.e.boot.Boot302DemoApplicationTests     : Started Boot302DemoApplicationTests in 1.707 seconds (process running for 3.185)
]]></system-out>
  </testcase>
</testsuite>